#
# There is insufficient memory for the Java Runtime Environment to continue.
# Native memory allocation (mmap) failed to map 266338304 bytes for Failed to commit area from 0x0000000702400000 to 0x0000000712200000 of length 266338304.
# Possible reasons:
#   The system is out of physical RAM or swap space
#   The process is running with CompressedOops enabled, and the Java Heap may be blocking the growth of the native heap
# Possible solutions:
#   Reduce memory load on the system
#   Increase physical memory or swap space
#   Check if swap backing store is full
#   Decrease Java heap size (-Xmx/-Xms)
#   Decrease number of Java threads
#   Decrease Java thread stack sizes (-Xss)
#   Set larger code cache with -XX:ReservedCodeCacheSize=
# This output file may be truncated or incomplete.
#
#  Out of Memory Error (t:/workspace/open/src/hotspot/os/windows/os_windows.cpp:3269), pid=17724, tid=18084
#
# JRE version:  (11.0.2+9) (build )
# Java VM: OpenJDK 64-Bit Server VM (11.0.2+9, mixed mode, aot, sharing, tiered, compressed oops, g1 gc, windows-amd64)
# No core dump will be written. Minidumps are not enabled by default on client versions of Windows
#

---------------  S U M M A R Y ------------

Command Line: -agentlib:jdwp=transport=dt_socket,suspend=y,address=localhost:6466 -javaagent:D:\Java\eclipse\eclipse\configuration\org.eclipse.osgi\237\0\.cp\lib\javaagent-shaded.jar -Dfile.encoding=GBK chapter07.TestAnimal

Host: Intel(R) Core(TM) i7-8750H CPU @ 2.20GHz, 12 cores, 15G,  Windows 10 , 64 bit Build 19041 (10.0.19041.804)
Time: Mon Apr 12 14:12:16 2021 中国标准时间 elapsed time: 0 seconds (0d 0h 0m 0s)

---------------  T H R E A D  ---------------

Current thread (0x000002424c40d800):  JavaThread "Unknown thread" [_thread_in_vm, id=18084, stack(0x000000d191800000,0x000000d191900000)]

Stack: [0x000000d191800000,0x000000d191900000]
Native frames: (J=compiled Java code, j=interpreted, Vv=VM code, C=native code)
V  [jvm.dll+0x63489a]
V  [jvm.dll+0x771f9f]
V  [jvm.dll+0x773648]
V  [jvm.dll+0x773d03]
V  [jvm.dll+0x25eba8]
V  [jvm.dll+0x631d3a]
V  [jvm.dll+0x626775]
V  [jvm.dll+0x313ffc]
V  [jvm.dll+0x313e82]
V  [jvm.dll+0x3196e6]
V  [jvm.dll+0x36579f]
V  [jvm.dll+0x3651c0]
V  [jvm.dll+0x2f0ff8]
V  [jvm.dll+0x2f2156]
V  [jvm.dll+0x74b4f7]
V  [jvm.dll+0x74cc3f]
V  [jvm.dll+0x372609]
V  [jvm.dll+0x731b69]
V  [jvm.dll+0x3e1bad]
V  [jvm.dll+0x3e3e81]
C  [javaw.exe+0x3617]
C  [javaw.exe+0x17a6c]
C  [KERNEL32.DLL+0x17034]
C  [ntdll.dll+0x52651]


---------------  P R O C E S S  ---------------

Threads class SMR info:
_java_thread_list=0x000002424a900080, length=0, elements={
}

Java Threads: ( => current thread )

Other Threads:
  0x000002424c426800 GCTaskThread "GC Thread#0" [stack: 0x000000d191900000,0x000000d191a00000] [id=18220]
  0x000002424c486800 ConcurrentGCThread "G1 Main Marker" [stack: 0x000000d191a00000,0x000000d191b00000] [id=18224]
  0x000002424c48c800 ConcurrentGCThread "G1 Conc#0" [stack: 0x000000d191b00000,0x000000d191c00000] [id=18228]

[error occurred during error reporting (printing all threads), id 0xc0000005, EXCEPTION_ACCESS_VIOLATION (0xc0000005) at pc=0x00007ffbec40f5b7]

VM state:not at safepoint (not fully initialized)

VM Mutex/Monitor currently owned by a thread:  ([mutex/lock_event])
[0x000002424c40b8c0] Heap_lock - owner thread: 0x000002424c40d800

Heap address: 0x0000000702400000, size: 4060 MB, Compressed Oops mode: Non-zero based: 0x0000000702400000
Narrow klass base: 0x0000000000000000, Narrow klass shift: 0

GC Heap History (0 events):
No events

Deoptimization events (0 events):
No events

Classes redefined (0 events):
No events

Internal exceptions (0 events):
No events

Events (0 events):
No events


Dynamic libraries:
0x00007ff766920000 - 0x00007ff766965000 	D:\Java\jdk-11.0.2\bin\javaw.exe
0x00007ffc3ecd0000 - 0x00007ffc3eec5000 	C:\Windows\SYSTEM32\ntdll.dll
0x00007ffc3d760000 - 0x00007ffc3d81d000 	C:\Windows\System32\KERNEL32.DLL
0x00007ffc3c6f0000 - 0x00007ffc3c9b9000 	C:\Windows\System32\KERNELBASE.dll
0x00007ffc3e400000 - 0x00007ffc3e5a0000 	C:\Windows\System32\USER32.dll
0x00007ffc3c660000 - 0x00007ffc3c682000 	C:\Windows\System32\win32u.dll
0x00007ffc3d8d0000 - 0x00007ffc3d8fa000 	C:\Windows\System32\GDI32.dll
0x00007ffc3ca40000 - 0x00007ffc3cb4b000 	C:\Windows\System32\gdi32full.dll
0x00007ffc3c5c0000 - 0x00007ffc3c65d000 	C:\Windows\System32\msvcp_win.dll
0x00007ffc3c4c0000 - 0x00007ffc3c5c0000 	C:\Windows\System32\ucrtbase.dll
0x00007ffc266e0000 - 0x00007ffc2697a000 	C:\Windows\WinSxS\amd64_microsoft.windows.common-controls_6595b64144ccf1df_6.0.19041.844_none_ca00b6081b84eb1d\COMCTL32.dll
0x00007ffc3ce70000 - 0x00007ffc3cf0e000 	C:\Windows\System32\msvcrt.dll
0x00007ffc3daf0000 - 0x00007ffc3db20000 	C:\Windows\System32\IMM32.DLL
0x00007ffc39c10000 - 0x00007ffc39c26000 	D:\Java\jdk-11.0.2\bin\vcruntime140.dll
0x00007ffc12ae0000 - 0x00007ffc12b8a000 	D:\Java\jdk-11.0.2\bin\msvcp140.dll
0x00007ffbec110000 - 0x00007ffbecc33000 	D:\Java\jdk-11.0.2\bin\server\jvm.dll
0x00007ffc3db20000 - 0x00007ffc3dbcc000 	C:\Windows\System32\ADVAPI32.dll
0x00007ffc3cf10000 - 0x00007ffc3cfac000 	C:\Windows\System32\sechost.dll
0x00007ffc3e2d0000 - 0x00007ffc3e3fb000 	C:\Windows\System32\RPCRT4.dll
0x00007ffc3cde0000 - 0x00007ffc3cde8000 	C:\Windows\System32\PSAPI.DLL
0x00007ffc240b0000 - 0x00007ffc240b9000 	C:\Windows\SYSTEM32\WSOCK32.dll
0x00007ffc3d9b0000 - 0x00007ffc3da1b000 	C:\Windows\System32\WS2_32.dll
0x00007ffc36770000 - 0x00007ffc3677a000 	C:\Windows\SYSTEM32\VERSION.dll
0x00007ffc39c40000 - 0x00007ffc39c67000 	C:\Windows\SYSTEM32\WINMM.dll
0x00007ffc3a370000 - 0x00007ffc3a382000 	C:\Windows\SYSTEM32\kernel.appcore.dll
0x00007ffc26030000 - 0x00007ffc26041000 	D:\Java\jdk-11.0.2\bin\verify.dll
0x00007ffc2af00000 - 0x00007ffc2b0e4000 	C:\Windows\SYSTEM32\DBGHELP.DLL
0x00007ffc2b370000 - 0x00007ffc2b39c000 	C:\Windows\SYSTEM32\dbgcore.DLL
0x00007ffc3c9c0000 - 0x00007ffc3ca40000 	C:\Windows\System32\bcryptPrimitives.dll
0x00007ffc1f3b0000 - 0x00007ffc1f3d8000 	D:\Java\jdk-11.0.2\bin\java.dll
0x00007ffc2d540000 - 0x00007ffc2d577000 	D:\Java\jdk-11.0.2\bin\jdwp.dll
0x00007ffc2d510000 - 0x00007ffc2d53f000 	D:\Java\jdk-11.0.2\bin\instrument.dll
0x00007ffc1f390000 - 0x00007ffc1f3a6000 	D:\Java\jdk-11.0.2\bin\zip.dll
0x00007ffc38180000 - 0x00007ffc3818a000 	D:\Java\jdk-11.0.2\bin\jimage.dll

dbghelp: loaded successfully - version: 4.0.5 - missing functions: none
symbol engine: initialized successfully - sym options: 0x614 - pdb path: .;D:\Java\jdk-11.0.2\bin;C:\Windows\SYSTEM32;C:\Windows\WinSxS\amd64_microsoft.windows.common-controls_6595b64144ccf1df_6.0.19041.844_none_ca00b6081b84eb1d;D:\Java\jdk-11.0.2\bin\server

VM Arguments:
jvm_args: -agentlib:jdwp=transport=dt_socket,suspend=y,address=localhost:6466 -javaagent:D:\Java\eclipse\eclipse\configuration\org.eclipse.osgi\237\0\.cp\lib\javaagent-shaded.jar -Dfile.encoding=GBK 
java_command: chapter07.TestAnimal
java_class_path (initial): D:\Java\项目\CDIVTC\bin
Launcher Type: SUN_STANDARD

[Global flags]
     intx CICompilerCount                          = 4                                         {product} {ergonomic}
     uint ConcGCThreads                            = 3                                         {product} {ergonomic}
     uint G1ConcRefinementThreads                  = 10                                        {product} {ergonomic}
   size_t G1HeapRegionSize                         = 1048576                                   {product} {ergonomic}
    uintx GCDrainStackTargetSize                   = 64                                        {product} {ergonomic}
   size_t InitialHeapSize                          = 266338304                                 {product} {ergonomic}
   size_t MarkStackSize                            = 4194304                                   {product} {ergonomic}
   size_t MaxHeapSize                              = 4257218560                                {product} {ergonomic}
   size_t MinHeapDeltaBytes                        = 1048576                                   {product} {ergonomic}
    uintx NonNMethodCodeHeapSize                   = 5835340                                {pd product} {ergonomic}
    uintx NonProfiledCodeHeapSize                  = 122911450                              {pd product} {ergonomic}
    uintx ProfiledCodeHeapSize                     = 122911450                              {pd product} {ergonomic}
    uintx ReservedCodeCacheSize                    = 251658240                              {pd product} {ergonomic}
     bool SegmentedCodeCache                       = true                                      {product} {ergonomic}
     bool UseCompressedClassPointers               = true                                 {lp64_product} {ergonomic}
     bool UseCompressedOops                        = true                                 {lp64_product} {ergonomic}
     bool UseG1GC                                  = true                                      {product} {ergonomic}
     bool UseLargePagesIndividualAllocation        = false                                  {pd product} {ergonomic}

Logging:
Log output configuration:
 #0: stdout all=warning uptime,level,tags
 #1: stderr all=off uptime,level,tags

Environment Variables:
JAVA_HOME=D:\Java\jdk-11.0.2
PATH=D:/Java/jdk-11.0.2/bin/server;D:/Java/jdk-11.0.2/bin;D:\VMware WorKstation\bin\;C:\Windows\system32;C:\Windows;C:\Windows\System32\Wbem;C:\Windows\System32\WindowsPowerShell\v1.0\;C:\Windows\System32\OpenSSH\;D:\Java\jdk-11.0.2\bin;D:\Java\jdk-11.0.2\jre\bin;C:\Program Files (x86)\dotnet\;C:\Users\dzq\AppData\Local\Programs\Python\Python38\Scripts\;C:\Users\dzq\AppData\Local\Programs\Python\Python38\;C:\Users\dzq\AppData\Local\Microsoft\WindowsApps;;D:\Java\eclipse\eclipse;
USERNAME=dzq
OS=Windows_NT
PROCESSOR_IDENTIFIER=Intel64 Family 6 Model 158 Stepping 10, GenuineIntel



---------------  S Y S T E M  ---------------

OS: Windows 10 , 64 bit Build 19041 (10.0.19041.804)

CPU:total 12 (initial active 12) (6 cores per cpu, 2 threads per core) family 6 model 158 stepping 10, cmov, cx8, fxsr, mmx, sse, sse2, sse3, ssse3, sse4.1, sse4.2, popcnt, avx, avx2, aes, clmul, erms, 3dnowpref, lzcnt, ht, tsc, tscinvbit, bmi1, bmi2, adx, fma

Memory: 4k page, system-wide physical 16238M (9800M free)
TotalPageFile size 31487M (AvailPageFile size 78M)
current process WorkingSet (physical memory assigned to process): 10M, peak: 10M
current process commit charge ("private bytes"): 64M, peak: 318M

vm_info: OpenJDK 64-Bit Server VM (11.0.2+9) for windows-amd64 JRE (11.0.2+9), built on Jan 18 2019 05:23:22 by "mach5one" with MS VC++ 15.5 (VS2017)

END.
